
> frontend@0.1.0 dev
> next dev --hostname 0.0.0.0

▲ Next.js 16.1.6 (Turbopack)
- Local:         http://localhost:3000
- Network:       http://0.0.0.0:3000
- Environments: .env.local

✓ Starting...
✓ Ready in 991ms
 GET /restaurants 200 in 489ms (compile: 181ms, proxy.ts: 99ms, render: 208ms)
 GET /restaurants 200 in 494ms (compile: 221ms, proxy.ts: 97ms, render: 175ms)
 GET / 200 in 73ms (compile: 20ms, proxy.ts: 4ms, render: 50ms)
 GET /restaurants 200 in 43ms (compile: 3ms, proxy.ts: 3ms, render: 37ms)
 GET / 200 in 38ms (compile: 3ms, proxy.ts: 4ms, render: 30ms)
 GET / 200 in 37ms (compile: 2ms, proxy.ts: 4ms, render: 30ms)
 GET / 200 in 39ms (compile: 3ms, proxy.ts: 4ms, render: 32ms)
 GET /home 200 in 48ms (compile: 26ms, proxy.ts: 4ms, render: 18ms)
 GET /restaurants 200 in 20ms (compile: 4ms, proxy.ts: 3ms, render: 13ms)
 GET /home 200 in 21ms (compile: 3ms, proxy.ts: 3ms, render: 14ms)
 GET /restaurants 200 in 16ms (compile: 3ms, proxy.ts: 2ms, render: 10ms)
 GET /restaurants/join 200 in 32ms (compile: 18ms, proxy.ts: 3ms, render: 11ms)
 GET /restaurants/join 200 in 18ms (compile: 3ms, proxy.ts: 2ms, render: 13ms)
✓ Compiled in 526ms
 GET /restaurants/join 200 in 234ms (compile: 93ms, proxy.ts: 5ms, render: 135ms)
 GET /restaurants 200 in 51ms (compile: 3ms, proxy.ts: 3ms, render: 45ms)
 GET /restaurants 200 in 20ms (compile: 3ms, proxy.ts: 3ms, render: 14ms)
 GET /home 200 in 25ms (compile: 7ms, proxy.ts: 3ms, render: 15ms)
✓ Compiled in 104ms
 GET /home 200 in 486ms (compile: 136ms, proxy.ts: 3ms, render: 347ms)
 GET /restaurants 200 in 85ms (compile: 16ms, proxy.ts: 13ms, render: 56ms)
 GET /home 200 in 42ms (compile: 3ms, proxy.ts: 3ms, render: 36ms)
 GET /home 200 in 42ms (compile: 2ms, proxy.ts: 2ms, render: 37ms)
✓ Compiled in 73ms
 GET /restaurants 200 in 47ms (compile: 3ms, proxy.ts: 3ms, render: 41ms)
✓ Compiled in 50ms
 GET /restaurants 200 in 78ms (compile: 4ms, proxy.ts: 4ms, render: 70ms)
 GET /home 200 in 360ms (compile: 122ms, proxy.ts: 11ms, render: 227ms)
✓ Compiled in 56ms
 GET /restaurants 200 in 70ms (compile: 5ms, proxy.ts: 6ms, render: 59ms)
 GET /home 200 in 353ms (compile: 108ms, proxy.ts: 30ms, render: 215ms)
 GET /home 200 in 39ms (compile: 3ms, proxy.ts: 2ms, render: 35ms)
 GET /tables 200 in 54ms (compile: 38ms, proxy.ts: 2ms, render: 14ms)
 GET /menu 200 in 49ms (compile: 32ms, proxy.ts: 3ms, render: 13ms)
✓ Compiled in 116ms
 GET /restaurants 200 in 53ms (compile: 4ms, proxy.ts: 3ms, render: 47ms)
 GET /menu 200 in 130ms (compile: 98ms, proxy.ts: 4ms, render: 28ms)
 GET /home 200 in 22ms (compile: 7ms, proxy.ts: 2ms, render: 12ms)
 GET /reports 404 in 115ms (compile: 89ms, proxy.ts: 2ms, render: 25ms)
 GET /reports 404 in 108ms (compile: 5ms, proxy.ts: 2ms, render: 101ms)
 GET /restaurants 200 in 16ms (compile: 3ms, proxy.ts: 3ms, render: 10ms)
 GET /home 200 in 19ms (compile: 2ms, proxy.ts: 2ms, render: 14ms)
 GET /settings 200 in 43ms (compile: 21ms, proxy.ts: 3ms, render: 19ms)
 GET /restaurants 200 in 38ms (compile: 3ms, proxy.ts: 2ms, render: 33ms)
 GET / 200 in 36ms (compile: 3ms, proxy.ts: 2ms, render: 31ms)
 GET / 200 in 44ms (compile: 2ms, proxy.ts: 3ms, render: 38ms)
 GET / 200 in 47ms (compile: 4ms, proxy.ts: 3ms, render: 39ms)
 GET /home 200 in 20ms (compile: 3ms, proxy.ts: 3ms, render: 13ms)
 GET /menu 200 in 16ms (compile: 3ms, proxy.ts: 1920µs, render: 11ms)
✓ Compiled in 45ms
✓ Compiled in 49ms
✓ Compiled in 44ms
✓ Compiled in 98ms
 GET /restaurants 200 in 57ms (compile: 4ms, proxy.ts: 4ms, render: 49ms)
✓ Compiled in 111ms
 GET /restaurants 200 in 281ms (compile: 153ms, proxy.ts: 7ms, render: 121ms)
 GET /menu 200 in 284ms (compile: 101ms, proxy.ts: 7ms, render: 175ms)
 GET /restaurants 200 in 87ms (compile: 6ms, proxy.ts: 16ms, render: 65ms)
✓ Compiled in 41ms
✓ Compiled in 98ms
 GET /restaurants 200 in 53ms (compile: 3ms, proxy.ts: 3ms, render: 48ms)
 GET /menu 200 in 335ms (compile: 162ms, proxy.ts: 4ms, render: 168ms)
 GET /tables 200 in 24ms (compile: 8ms, proxy.ts: 3ms, render: 13ms)
 GET /menu 200 in 16ms (compile: 3ms, proxy.ts: 3ms, render: 10ms)
 GET /home 200 in 23ms (compile: 7ms, proxy.ts: 2ms, render: 14ms)
 GET /menu 200 in 17ms (compile: 2ms, proxy.ts: 3ms, render: 12ms)
 GET /tables 200 in 16ms (compile: 2ms, proxy.ts: 3ms, render: 10ms)
✓ Compiled in 42ms
 GET /menu 200 in 91ms (compile: 69ms, proxy.ts: 1916µs, render: 20ms)
 GET /tables 200 in 15ms (compile: 2ms, proxy.ts: 3ms, render: 10ms)
✓ Compiled in 36ms
✓ Compiled in 96ms
 GET /tables 200 in 234ms (compile: 83ms, proxy.ts: 4ms, render: 147ms)
 GET /tables 200 in 36ms (compile: 4ms, proxy.ts: 3ms, render: 30ms)
 GET /tables 200 in 35ms (compile: 2ms, proxy.ts: 3ms, render: 30ms)
 GET /tables 200 in 44ms (compile: 2ms, proxy.ts: 3ms, render: 38ms)
 GET /menu 200 in 94ms (compile: 72ms, proxy.ts: 2ms, render: 20ms)
 GET /home 200 in 19ms (compile: 6ms, proxy.ts: 2ms, render: 10ms)
 GET /staff 200 in 35ms (compile: 19ms, proxy.ts: 3ms, render: 13ms)
 GET /home 200 in 13ms (compile: 2ms, proxy.ts: 1947µs, render: 9ms)
 GET /settings 200 in 21ms (compile: 4ms, proxy.ts: 1881µs, render: 15ms)
 GET /staff 200 in 14ms (compile: 3ms, proxy.ts: 1829µs, render: 9ms)
 GET /home 200 in 15ms (compile: 2ms, proxy.ts: 2ms, render: 10ms)
✓ Compiled in 47ms
 GET /home 200 in 383ms (compile: 109ms, proxy.ts: 3ms, render: 272ms)
✓ Compiled in 37ms
✓ Compiled in 95ms
 GET /home 200 in 297ms (compile: 84ms, proxy.ts: 3ms, render: 210ms)
 GET /tables 200 in 99ms (compile: 73ms, proxy.ts: 3ms, render: 23ms)
 GET /menu 200 in 96ms (compile: 73ms, proxy.ts: 3ms, render: 20ms)
 GET /home 200 in 15ms (compile: 2ms, proxy.ts: 2ms, render: 10ms)
 GET /settings 200 in 88ms (compile: 68ms, proxy.ts: 3ms, render: 18ms)
 GET /tables 200 in 15ms (compile: 2ms, proxy.ts: 3ms, render: 10ms)
 GET /home 200 in 13ms (compile: 1735µs, proxy.ts: 2ms, render: 9ms)
 GET /tables 200 in 14ms (compile: 3ms, proxy.ts: 2ms, render: 9ms)
 GET /home 200 in 16ms (compile: 3ms, proxy.ts: 2ms, render: 11ms)
 GET /tables 200 in 16ms (compile: 1996µs, proxy.ts: 2ms, render: 12ms)
✓ Compiled in 99ms
✓ Compiled in 603ms
 GET /tables 200 in 245ms (compile: 129ms, proxy.ts: 68ms, render: 47ms)
 GET /tables 200 in 247ms (compile: 4ms, proxy.ts: 4ms, render: 239ms)
